<?xml version="1.0" encoding="utf-8"?><testsuites name="pytest tests"><testsuite name="pytest" errors="0" failures="0" skipped="0" tests="18" time="64.957" timestamp="2026-06-30T18:12:39.315662+00:00" hostname="agent-env-d553a789-ab9c-4d24-9f62-2ef76aa9565d"><testcase classname="backend.tests.test_iteration9_today_tomorrow.TestStudentTodayGet" name="test_no_query_defaults_to_today" time="3.427" /><testcase classname="backend.tests.test_iteration9_today_tomorrow.TestStudentTodayGet" name="test_for_today_explicit" time="3.832" /><testcase classname="backend.tests.test_iteration9_today_tomorrow.TestStudentTodayGet" name="test_for_tomorrow" time="3.497" /><testcase classname="backend.tests.test_iteration9_today_tomorrow.TestStudentTodayGet" name="test_for_invalid_returns_422" time="3.540" /><testcase classname="backend.tests.test_iteration9_today_tomorrow.TestStudentTodayUpsert" name="test_put_for_tomorrow_persists" time="3.517" /><testcase classname="backend.tests.test_iteration9_today_tomorrow.TestStudentTodayUpsert" name="test_put_default_date_is_today" time="3.925" /><testcase classname="backend.tests.test_iteration9_today_tomorrow.TestStudentTodayUpsert" name="test_put_invalid_date_400" time="3.344" /><testcase classname="backend.tests.test_iteration9_today_tomorrow.TestAdminDashboard" name="test_no_query_today" time="3.628" /><testcase classname="backend.tests.test_iteration9_today_tomorrow.TestAdminDashboard" name="test_for_tomorrow_returns_tomorrow_date" time="4.250" /><testcase classname="backend.tests.test_iteration9_today_tomorrow.TestAdminDashboard" name="test_invalid_for_422" time="3.483" /><testcase classname="backend.tests.test_iteration9_today_tomorrow.TestAdminDashboard" name="test_summary_counts_only_target_day" time="3.497" /><testcase classname="backend.tests.test_iteration9_today_tomorrow.TestRegression" name="test_login_existing_user" time="4.743" /><testcase classname="backend.tests.test_iteration9_today_tomorrow.TestRegression" name="test_register_new_user" time="1.271" /><testcase classname="backend.tests.test_iteration9_today_tomorrow.TestRegression" name="test_admin_students" time="3.375" /><testcase classname="backend.tests.test_iteration9_today_tomorrow.TestRegression" name="test_admin_notifications" time="3.849" /><testcase classname="backend.tests.test_iteration9_today_tomorrow.TestRegression" name="test_admin_dispatch_reminder" time="4.257" /><testcase classname="backend.tests.test_iteration9_today_tomorrow.TestRegression" name="test_admin_wastage_today" time="3.419" /><testcase classname="backend.tests.test_iteration9_today_tomorrow.TestRegression" name="test_admin_necessary_info" time="3.915" /></testsuite></testsuites>