<?xml version="1.0" encoding="utf-8"?><testsuites name="pytest tests"><testsuite name="pytest" errors="0" failures="0" skipped="0" tests="36" time="8.210" timestamp="2026-06-30T06:09:36.498476+00:00" hostname="agent-env-d553a789-ab9c-4d24-9f62-2ef76aa9565d"><testcase classname="backend.tests.test_auth.TestHealth" name="test_root_status" time="0.115" /><testcase classname="backend.tests.test_auth.TestLogin" name="test_admin_login" time="0.272" /><testcase classname="backend.tests.test_auth.TestLogin" name="test_student_approved_login" time="0.676" /><testcase classname="backend.tests.test_auth.TestLogin" name="test_pending_login" time="0.262" /><testcase classname="backend.tests.test_auth.TestLogin" name="test_blocked_login" time="0.265" /><testcase classname="backend.tests.test_auth.TestLogin" name="test_wrong_password" time="0.267" /><testcase classname="backend.tests.test_auth.TestRegister" name="test_register_success" time="0.268" /><testcase classname="backend.tests.test_auth.TestRegister" name="test_register_duplicate" time="0.044" /><testcase classname="backend.tests.test_auth.TestMe" name="test_me_with_valid_token" time="0.482" /><testcase classname="backend.tests.test_auth.TestMe" name="test_me_without_token" time="0.092" /><testcase classname="backend.tests.test_auth.TestMe" name="test_me_invalid_token" time="0.096" /><testcase classname="backend.tests.test_auth.TestOtp" name="test_request_otp" time="0.042" /><testcase classname="backend.tests.test_auth.TestOtp" name="test_verify_otp_success" time="0.111" /><testcase classname="backend.tests.test_auth.TestOtp" name="test_verify_otp_invalid" time="0.106" /><testcase classname="backend.tests.test_student.TestMetaAndToday" name="test_meta" time="0.373" /><testcase classname="backend.tests.test_student.TestMetaAndToday" name="test_today_returns_shape" time="0.045" /><testcase classname="backend.tests.test_student.TestUpsertPlan" name="test_upsert_then_update_same_doc" time="0.149" /><testcase classname="backend.tests.test_student.TestFeedback" name="test_post_feedback" time="0.046" /><testcase classname="backend.tests.test_student.TestFeedback" name="test_feedback_empty_rejected" time="0.050" /><testcase classname="backend.tests.test_student.TestMenuAndReactions" name="test_menu_week" time="0.047" /><testcase classname="backend.tests.test_student.TestMenuAndReactions" name="test_menu_month" time="0.047" /><testcase classname="backend.tests.test_student.TestMenuAndReactions" name="test_reaction_upsert_and_idempotent" time="0.197" /><testcase classname="backend.tests.test_student.TestMenuAndReactions" name="test_reaction_invalid_day" time="0.045" /><testcase classname="backend.tests.test_student.TestWastage" name="test_wastage_default_7" time="0.045" /><testcase classname="backend.tests.test_student.TestWastage" name="test_wastage_30" time="0.044" /><testcase classname="backend.tests.test_student.TestWastage" name="test_wastage_90" time="0.046" /><testcase classname="backend.tests.test_student.TestWastage" name="test_wastage_summary_consistent_across_ranges" time="0.138" /><testcase classname="backend.tests.test_student.TestWastage" name="test_wastage_per_meal" time="0.182" /><testcase classname="backend.tests.test_student.TestAuthGuards" name="test_no_token_returns_401" time="0.460" /><testcase classname="backend.tests.test_student.TestAuthGuards" name="test_invalid_token_returns_401" time="0.491" /><testcase classname="backend.tests.test_student.TestAuthGuards" name="test_admin_forbidden" time="0.763" /><testcase classname="backend.tests.test_student.TestAuthGuards" name="test_pending_forbidden" time="0.770" /><testcase classname="backend.tests.test_student.TestAuthGuards" name="test_blocked_forbidden" time="0.804" /><testcase classname="backend.tests.test_student.TestAuthGuards" name="test_admin_forbidden_put_today" time="0.093" /><testcase classname="backend.tests.test_student.TestAuthGuards" name="test_admin_forbidden_feedback" time="0.095" /><testcase classname="backend.tests.test_student.TestAuthGuards" name="test_admin_forbidden_reaction" time="0.105" /></testsuite></testsuites>