<?xml version="1.0" encoding="utf-8"?><testsuites name="pytest tests"><testsuite name="pytest" errors="0" failures="0" skipped="0" tests="51" time="177.677" timestamp="2026-07-01T04:56:37.544430+00:00" hostname="agent-env-d553a789-ab9c-4d24-9f62-2ef76aa9565d"><testcase classname="tests.test_iteration8_email_otp.TestRegister" name="test_register_success_shape" time="2.544" /><testcase classname="tests.test_iteration8_email_otp.TestRegister" name="test_register_first_admin_auto_approves" time="1.789" /><testcase classname="tests.test_iteration8_email_otp.TestRegister" name="test_register_invalid_email" time="0.130" /><testcase classname="tests.test_iteration8_email_otp.TestRegister" name="test_reregister_unverified_refreshes" time="3.899" /><testcase classname="tests.test_iteration8_email_otp.TestRegister" name="test_reregister_verified_rejected" time="2.405" /><testcase classname="tests.test_iteration8_email_otp.TestVerifyEmail" name="test_verify_wrong_otp_increments" time="3.304" /><testcase classname="tests.test_iteration8_email_otp.TestVerifyEmail" name="test_verify_too_many_attempts" time="3.676" /><testcase classname="tests.test_iteration8_email_otp.TestVerifyEmail" name="test_verify_correct_otp_logs_in" time="2.667" /><testcase classname="tests.test_iteration8_email_otp.TestVerifyEmail" name="test_verify_idempotent_when_already_verified" time="2.451" /><testcase classname="tests.test_iteration8_email_otp.TestVerifyEmail" name="test_verify_expired_otp_returns_410" time="2.604" /><testcase classname="tests.test_iteration8_email_otp.TestLogin" name="test_login_wrong_password_401" time="3.755" /><testcase classname="tests.test_iteration8_email_otp.TestLogin" name="test_login_unverified_403" time="1.514" /><testcase classname="tests.test_iteration8_email_otp.TestLogin" name="test_login_verified_200" time="2.969" /><testcase classname="tests.test_iteration8_email_otp.TestResendOtp" name="test_resend_within_cooldown_429" time="1.330" /><testcase classname="tests.test_iteration8_email_otp.TestResendOtp" name="test_resend_after_cooldown_replaces_hash" time="4.070" /><testcase classname="tests.test_iteration8_email_otp.TestResendOtp" name="test_resend_already_verified_400" time="2.256" /><testcase classname="tests.test_iteration8_email_otp.TestForgotPassword" name="test_forgot_existing_email" time="2.952" /><testcase classname="tests.test_iteration8_email_otp.TestForgotPassword" name="test_forgot_non_existing_no_leak" time="0.167" /><testcase classname="tests.test_iteration8_email_otp.TestForgotPassword" name="test_forgot_second_call_within_cooldown" time="4.613" /><testcase classname="tests.test_iteration8_email_otp.TestForgotPassword" name="test_forgot_verify_wrong_then_correct" time="5.279" /><testcase classname="tests.test_iteration8_email_otp.TestResetPassword" name="test_reset_mismatched_passwords" time="5.301" /><testcase classname="tests.test_iteration8_email_otp.TestResetPassword" name="test_reset_invalid_token" time="0.150" /><testcase classname="tests.test_iteration8_email_otp.TestResetPassword" name="test_reset_valid_token_then_login" time="6.038" /><testcase classname="tests.test_iteration8_email_otp.TestRandomness" name="test_ten_distinct_otp_hashes" time="17.269" /><testcase classname="tests.test_iteration8_email_otp.TestIndexes" name="test_email_otps_unique_email_purpose" time="0.001" /><testcase classname="tests.test_iteration8_email_otp.TestIndexes" name="test_users_unique_partial_email" time="0.000" /><testcase classname="tests.test_iteration8_email_otp.TestRegression" name="test_admin_dashboard" time="2.407" /><testcase classname="tests.test_iteration8_email_otp.TestRegression" name="test_admin_students" time="3.311" /><testcase classname="tests.test_iteration8_email_otp.TestRegression" name="test_admin_notifications" time="1.905" /><testcase classname="tests.test_iteration8_email_otp.TestRegression" name="test_dispatch_reminder" time="2.964" /><testcase classname="tests.test_iteration8_email_otp.TestRegression" name="test_student_today" time="2.698" /><testcase classname="tests.test_iteration8_email_otp.TestRegression" name="test_push_token" time="1.961" /><testcase classname="tests.test_iteration8_email_otp.TestRegression" name="test_register_push" time="2.932" /><testcase classname="tests.test_iteration9_today_tomorrow.TestStudentTodayGet" name="test_no_query_defaults_to_today" time="5.241" /><testcase classname="tests.test_iteration9_today_tomorrow.TestStudentTodayGet" name="test_for_today_explicit" time="5.074" /><testcase classname="tests.test_iteration9_today_tomorrow.TestStudentTodayGet" name="test_for_tomorrow" time="4.210" /><testcase classname="tests.test_iteration9_today_tomorrow.TestStudentTodayGet" name="test_for_invalid_returns_422" time="4.406" /><testcase classname="tests.test_iteration9_today_tomorrow.TestStudentTodayUpsert" name="test_put_for_tomorrow_persists" time="4.588" /><testcase classname="tests.test_iteration9_today_tomorrow.TestStudentTodayUpsert" name="test_put_default_date_is_today" time="3.925" /><testcase classname="tests.test_iteration9_today_tomorrow.TestStudentTodayUpsert" name="test_put_invalid_date_400" time="5.034" /><testcase classname="tests.test_iteration9_today_tomorrow.TestAdminDashboard" name="test_no_query_today" time="4.058" /><testcase classname="tests.test_iteration9_today_tomorrow.TestAdminDashboard" name="test_for_tomorrow_returns_tomorrow_date" time="4.934" /><testcase classname="tests.test_iteration9_today_tomorrow.TestAdminDashboard" name="test_invalid_for_422" time="5.110" /><testcase classname="tests.test_iteration9_today_tomorrow.TestAdminDashboard" name="test_summary_counts_only_target_day" time="4.079" /><testcase classname="tests.test_iteration9_today_tomorrow.TestRegression" name="test_login_existing_user" time="3.733" /><testcase classname="tests.test_iteration9_today_tomorrow.TestRegression" name="test_register_new_user" time="2.157" /><testcase classname="tests.test_iteration9_today_tomorrow.TestRegression" name="test_admin_students" time="4.230" /><testcase classname="tests.test_iteration9_today_tomorrow.TestRegression" name="test_admin_notifications" time="4.213" /><testcase classname="tests.test_iteration9_today_tomorrow.TestRegression" name="test_admin_dispatch_reminder" time="3.523" /><testcase classname="tests.test_iteration9_today_tomorrow.TestRegression" name="test_admin_wastage_today" time="3.992" /><testcase classname="tests.test_iteration9_today_tomorrow.TestRegression" name="test_admin_necessary_info" time="3.575" /></testsuite></testsuites>