<?xml version="1.0" encoding="utf-8"?><testsuites name="pytest tests"><testsuite name="pytest" errors="0" failures="0" skipped="0" tests="23" time="3.723" timestamp="2026-06-30T12:44:19.159308+00:00" hostname="agent-env-d553a789-ab9c-4d24-9f62-2ef76aa9565d"><testcase classname="backend.tests.test_iteration6.TestTwoStepLogin" name="test_login_step1_returns_challenge_no_token" time="0.441" /><testcase classname="backend.tests.test_iteration6.TestTwoStepLogin" name="test_login_wrong_password_401" time="0.342" /><testcase classname="backend.tests.test_iteration6.TestTwoStepLogin" name="test_login_wrong_hostel_401" time="0.045" /><testcase classname="backend.tests.test_iteration6.TestTwoStepLogin" name="test_login_missing_hostel_field" time="0.046" /><testcase classname="backend.tests.test_iteration6.TestTwoStepLogin" name="test_verify_otp_correct" time="0.320" /><testcase classname="backend.tests.test_iteration6.TestTwoStepLogin" name="test_verify_otp_wrong_400" time="0.315" /><testcase classname="backend.tests.test_iteration6.TestTwoStepLogin" name="test_verify_otp_bad_challenge_400" time="0.044" /><testcase classname="backend.tests.test_iteration6.TestTwoStepLogin" name="test_challenge_token_cannot_call_me" time="0.315" /><testcase classname="backend.tests.test_iteration6.TestHostelScoping" name="test_register_student_in_test_hostel" time="0.282" /><testcase classname="backend.tests.test_iteration6.TestHostelScoping" name="test_demo_admin_cannot_see_test_student" time="0.363" /><testcase classname="backend.tests.test_iteration6.TestHostelScoping" name="test_demo_admin_summary_excludes_test_hostel" time="0.055" /><testcase classname="backend.tests.test_iteration6.TestWastageManualCost" name="test_put_with_manual_cost_persists" time="0.055" /><testcase classname="backend.tests.test_iteration6.TestWastageManualCost" name="test_wastage_today_returns_manual_cost" time="0.050" /><testcase classname="backend.tests.test_iteration6.TestWastageManualCost" name="test_trend_includes_cost_series" time="0.049" /><testcase classname="backend.tests.test_iteration6.TestNotifications" name="test_admin_create_announcement" time="0.049" /><testcase classname="backend.tests.test_iteration6.TestNotifications" name="test_admin_list_notifications" time="0.047" /><testcase classname="backend.tests.test_iteration6.TestNotifications" name="test_student_sees_announcement_unread" time="0.373" /><testcase classname="backend.tests.test_iteration6.TestNotifications" name="test_student_marks_read_decrements" time="0.166" /><testcase classname="backend.tests.test_iteration6.TestNotifications" name="test_menu_reminder_creates_notification" time="0.050" /><testcase classname="backend.tests.test_iteration6.TestNotifications" name="test_admin_notif_requires_auth" time="0.045" /><testcase classname="backend.tests.test_iteration6.TestNotifications" name="test_student_notif_requires_auth" time="0.043" /><testcase classname="backend.tests.test_iteration6.TestPushToken" name="test_save_push_token" time="0.045" /><testcase classname="backend.tests.test_iteration6.TestPushToken" name="test_push_token_requires_auth" time="0.042" /></testsuite></testsuites>