<?xml version="1.0" encoding="utf-8"?><testsuites name="pytest tests"><testsuite name="pytest" errors="0" failures="0" skipped="0" tests="84" time="11.434" timestamp="2026-06-30T06:45:56.835315+00:00" hostname="agent-env-d553a789-ab9c-4d24-9f62-2ef76aa9565d"><testcase classname="backend.tests.test_admin.TestStudentsStatus" name="test_summary_returns_numeric_counts" time="0.385" /><testcase classname="backend.tests.test_admin.TestStudentsStatus" name="test_list_status_pending_filter" time="0.046" /><testcase classname="backend.tests.test_admin.TestStudentsStatus" name="test_list_status_approved_filter" time="0.044" /><testcase classname="backend.tests.test_admin.TestStudentsStatus" name="test_list_status_blocked_filter" time="0.044" /><testcase classname="backend.tests.test_admin.TestStudentsStatus" name="test_list_status_all" time="0.048" /><testcase classname="backend.tests.test_admin.TestStudentsStatus" name="test_approve_then_reject_flow" time="0.258" /><testcase classname="backend.tests.test_admin.TestStudentsStatus" name="test_approve_unknown_id_404" time="0.044" /><testcase classname="backend.tests.test_admin.TestStudentsStatus" name="test_reject_unknown_id_404" time="0.046" /><testcase classname="backend.tests.test_admin.TestAdminToday" name="test_today_structure" time="0.048" /><testcase classname="backend.tests.test_admin.TestAdminToday" name="test_today_has_responses" time="0.048" /><testcase classname="backend.tests.test_admin.TestFeedback" name="test_feedback_anonymous" time="0.043" /><testcase classname="backend.tests.test_admin.TestDashboard" name="test_dashboard_returns_meals" time="0.051" /><testcase classname="backend.tests.test_admin.TestNecessaryInfo" name="test_list_returns_seeded" time="0.043" /><testcase classname="backend.tests.test_admin.TestNecessaryInfo" name="test_create_then_update_then_delete" time="0.270" /><testcase classname="backend.tests.test_admin.TestMenus" name="test_list_returns_7_days" time="0.045" /><testcase classname="backend.tests.test_admin.TestMenus" name="test_upsert_monday_persists" time="0.183" /><testcase classname="backend.tests.test_admin.TestWastage" name="test_upsert_today_computes_loss" time="0.105" /><testcase classname="backend.tests.test_admin.TestWastage" name="test_wastage_today_endpoint" time="0.045" /><testcase classname="backend.tests.test_admin.TestWastage" name="test_wastage_trend_7" time="0.044" /><testcase classname="backend.tests.test_admin.TestWastage" name="test_wastage_trend_30_breakfast" time="0.046" /><testcase classname="backend.tests.test_admin.TestWastage" name="test_wastage_trend_90_lunch" time="0.046" /><testcase classname="backend.tests.test_admin.TestWastage" name="test_wastage_trend_dinner" time="0.046" /><testcase classname="backend.tests.test_admin.TestSettings" name="test_get_returns_singleton" time="0.047" /><testcase classname="backend.tests.test_admin.TestSettings" name="test_put_updates_meal_state" time="0.177" /><testcase classname="backend.tests.test_admin.TestAuthGuards" name="test_student_gets_403[/admin/students/summary]" time="0.359" /><testcase classname="backend.tests.test_admin.TestAuthGuards" name="test_student_gets_403[/admin/students]" time="0.042" /><testcase classname="backend.tests.test_admin.TestAuthGuards" name="test_student_gets_403[/admin/today]" time="0.071" /><testcase classname="backend.tests.test_admin.TestAuthGuards" name="test_student_gets_403[/admin/feedback]" time="0.043" /><testcase classname="backend.tests.test_admin.TestAuthGuards" name="test_student_gets_403[/admin/necessary-info]" time="0.044" /><testcase classname="backend.tests.test_admin.TestAuthGuards" name="test_student_gets_403[/admin/menus]" time="0.044" /><testcase classname="backend.tests.test_admin.TestAuthGuards" name="test_student_gets_403[/admin/dashboard]" time="0.043" /><testcase classname="backend.tests.test_admin.TestAuthGuards" name="test_student_gets_403[/admin/wastage/today]" time="0.045" /><testcase classname="backend.tests.test_admin.TestAuthGuards" name="test_student_gets_403[/admin/wastage/trend]" time="0.044" /><testcase classname="backend.tests.test_admin.TestAuthGuards" name="test_student_gets_403[/admin/settings]" time="0.043" /><testcase classname="backend.tests.test_admin.TestAuthGuards" name="test_anon_gets_401[/admin/students/summary]" time="0.129" /><testcase classname="backend.tests.test_admin.TestAuthGuards" name="test_anon_gets_401[/admin/students]" time="0.045" /><testcase classname="backend.tests.test_admin.TestAuthGuards" name="test_anon_gets_401[/admin/today]" time="0.044" /><testcase classname="backend.tests.test_admin.TestAuthGuards" name="test_anon_gets_401[/admin/feedback]" time="0.044" /><testcase classname="backend.tests.test_admin.TestAuthGuards" name="test_anon_gets_401[/admin/necessary-info]" time="0.085" /><testcase classname="backend.tests.test_admin.TestAuthGuards" name="test_anon_gets_401[/admin/menus]" time="0.044" /><testcase classname="backend.tests.test_admin.TestAuthGuards" name="test_anon_gets_401[/admin/dashboard]" time="0.044" /><testcase classname="backend.tests.test_admin.TestAuthGuards" name="test_anon_gets_401[/admin/wastage/today]" time="0.046" /><testcase classname="backend.tests.test_admin.TestAuthGuards" name="test_anon_gets_401[/admin/wastage/trend]" time="0.042" /><testcase classname="backend.tests.test_admin.TestAuthGuards" name="test_anon_gets_401[/admin/settings]" time="0.043" /><testcase classname="backend.tests.test_admin.TestAuthGuards" name="test_student_cannot_approve" time="0.045" /><testcase classname="backend.tests.test_admin.TestAuthGuards" name="test_student_cannot_put_wastage" time="0.043" /><testcase classname="backend.tests.test_admin.TestAuthGuards" name="test_student_cannot_put_settings" time="0.043" /><testcase classname="backend.tests.test_admin.TestAuthGuards" name="test_invalid_token_401" time="0.041" /><testcase classname="backend.tests.test_auth.TestHealth" name="test_root_status" time="0.127" /><testcase classname="backend.tests.test_auth.TestLogin" name="test_admin_login" time="0.267" /><testcase classname="backend.tests.test_auth.TestLogin" name="test_student_approved_login" time="0.266" /><testcase classname="backend.tests.test_auth.TestLogin" name="test_pending_login" time="0.263" /><testcase classname="backend.tests.test_auth.TestLogin" name="test_blocked_login" time="0.265" /><testcase classname="backend.tests.test_auth.TestLogin" name="test_wrong_password" time="0.265" /><testcase classname="backend.tests.test_auth.TestRegister" name="test_register_success" time="0.265" /><testcase classname="backend.tests.test_auth.TestRegister" name="test_register_duplicate" time="0.042" /><testcase classname="backend.tests.test_auth.TestMe" name="test_me_with_valid_token" time="0.346" /><testcase classname="backend.tests.test_auth.TestMe" name="test_me_without_token" time="0.138" /><testcase classname="backend.tests.test_auth.TestMe" name="test_me_invalid_token" time="0.169" /><testcase classname="backend.tests.test_auth.TestOtp" name="test_request_otp" time="0.041" /><testcase classname="backend.tests.test_auth.TestOtp" name="test_verify_otp_success" time="0.041" /><testcase classname="backend.tests.test_auth.TestOtp" name="test_verify_otp_invalid" time="0.043" /><testcase classname="backend.tests.test_student.TestMetaAndToday" name="test_meta" time="0.382" /><testcase classname="backend.tests.test_student.TestMetaAndToday" name="test_today_returns_shape" time="0.046" /><testcase classname="backend.tests.test_student.TestUpsertPlan" name="test_upsert_then_update_same_doc" time="0.223" /><testcase classname="backend.tests.test_student.TestFeedback" name="test_post_feedback" time="0.049" /><testcase classname="backend.tests.test_student.TestFeedback" name="test_feedback_empty_rejected" time="0.055" /><testcase classname="backend.tests.test_student.TestMenuAndReactions" name="test_menu_week" time="0.049" /><testcase classname="backend.tests.test_student.TestMenuAndReactions" name="test_menu_month" time="0.047" /><testcase classname="backend.tests.test_student.TestMenuAndReactions" name="test_reaction_upsert_and_idempotent" time="0.179" /><testcase classname="backend.tests.test_student.TestMenuAndReactions" name="test_reaction_invalid_day" time="0.047" /><testcase classname="backend.tests.test_student.TestWastage" name="test_wastage_default_7" time="0.044" /><testcase classname="backend.tests.test_student.TestWastage" name="test_wastage_30" time="0.044" /><testcase classname="backend.tests.test_student.TestWastage" name="test_wastage_90" time="0.046" /><testcase classname="backend.tests.test_student.TestWastage" name="test_wastage_summary_consistent_across_ranges" time="0.174" /><testcase classname="backend.tests.test_student.TestWastage" name="test_wastage_per_meal" time="0.172" /><testcase classname="backend.tests.test_student.TestAuthGuards" name="test_no_token_returns_401" time="0.473" /><testcase classname="backend.tests.test_student.TestAuthGuards" name="test_invalid_token_returns_401" time="0.484" /><testcase classname="backend.tests.test_student.TestAuthGuards" name="test_admin_forbidden" time="0.746" /><testcase classname="backend.tests.test_student.TestAuthGuards" name="test_pending_forbidden" time="0.741" /><testcase classname="backend.tests.test_student.TestAuthGuards" name="test_blocked_forbidden" time="0.780" /><testcase classname="backend.tests.test_student.TestAuthGuards" name="test_admin_forbidden_put_today" time="0.095" /><testcase classname="backend.tests.test_student.TestAuthGuards" name="test_admin_forbidden_feedback" time="0.094" /><testcase classname="backend.tests.test_student.TestAuthGuards" name="test_admin_forbidden_reaction" time="0.097" /></testsuite></testsuites>