<?xml version="1.0" encoding="utf-8"?><testsuites name="pytest tests"><testsuite name="pytest" errors="0" failures="0" skipped="0" tests="33" time="75.992" timestamp="2026-06-30T17:22:29.988582+00:00" hostname="agent-env-d553a789-ab9c-4d24-9f62-2ef76aa9565d"><testcase classname="backend.tests.test_iteration8_email_otp.TestRegister" name="test_register_success_shape" time="2.154" /><testcase classname="backend.tests.test_iteration8_email_otp.TestRegister" name="test_register_first_admin_auto_approves" time="1.453" /><testcase classname="backend.tests.test_iteration8_email_otp.TestRegister" name="test_register_invalid_email" time="0.142" /><testcase classname="backend.tests.test_iteration8_email_otp.TestRegister" name="test_reregister_unverified_refreshes" time="3.269" /><testcase classname="backend.tests.test_iteration8_email_otp.TestRegister" name="test_reregister_verified_rejected" time="1.629" /><testcase classname="backend.tests.test_iteration8_email_otp.TestVerifyEmail" name="test_verify_wrong_otp_increments" time="1.970" /><testcase classname="backend.tests.test_iteration8_email_otp.TestVerifyEmail" name="test_verify_too_many_attempts" time="3.399" /><testcase classname="backend.tests.test_iteration8_email_otp.TestVerifyEmail" name="test_verify_correct_otp_logs_in" time="1.773" /><testcase classname="backend.tests.test_iteration8_email_otp.TestVerifyEmail" name="test_verify_idempotent_when_already_verified" time="1.238" /><testcase classname="backend.tests.test_iteration8_email_otp.TestVerifyEmail" name="test_verify_expired_otp_returns_410" time="1.837" /><testcase classname="backend.tests.test_iteration8_email_otp.TestLogin" name="test_login_wrong_password_401" time="1.999" /><testcase classname="backend.tests.test_iteration8_email_otp.TestLogin" name="test_login_unverified_403" time="1.628" /><testcase classname="backend.tests.test_iteration8_email_otp.TestLogin" name="test_login_verified_200" time="2.094" /><testcase classname="backend.tests.test_iteration8_email_otp.TestResendOtp" name="test_resend_within_cooldown_429" time="1.637" /><testcase classname="backend.tests.test_iteration8_email_otp.TestResendOtp" name="test_resend_after_cooldown_replaces_hash" time="2.212" /><testcase classname="backend.tests.test_iteration8_email_otp.TestResendOtp" name="test_resend_already_verified_400" time="1.431" /><testcase classname="backend.tests.test_iteration8_email_otp.TestForgotPassword" name="test_forgot_existing_email" time="2.774" /><testcase classname="backend.tests.test_iteration8_email_otp.TestForgotPassword" name="test_forgot_non_existing_no_leak" time="0.143" /><testcase classname="backend.tests.test_iteration8_email_otp.TestForgotPassword" name="test_forgot_second_call_within_cooldown" time="3.025" /><testcase classname="backend.tests.test_iteration8_email_otp.TestForgotPassword" name="test_forgot_verify_wrong_then_correct" time="4.248" /><testcase classname="backend.tests.test_iteration8_email_otp.TestResetPassword" name="test_reset_mismatched_passwords" time="3.656" /><testcase classname="backend.tests.test_iteration8_email_otp.TestResetPassword" name="test_reset_invalid_token" time="0.111" /><testcase classname="backend.tests.test_iteration8_email_otp.TestResetPassword" name="test_reset_valid_token_then_login" time="4.400" /><testcase classname="backend.tests.test_iteration8_email_otp.TestRandomness" name="test_ten_distinct_otp_hashes" time="13.326" /><testcase classname="backend.tests.test_iteration8_email_otp.TestIndexes" name="test_email_otps_unique_email_purpose" time="0.001" /><testcase classname="backend.tests.test_iteration8_email_otp.TestIndexes" name="test_users_unique_partial_email" time="0.000" /><testcase classname="backend.tests.test_iteration8_email_otp.TestRegression" name="test_admin_dashboard" time="2.141" /><testcase classname="backend.tests.test_iteration8_email_otp.TestRegression" name="test_admin_students" time="2.219" /><testcase classname="backend.tests.test_iteration8_email_otp.TestRegression" name="test_admin_notifications" time="1.801" /><testcase classname="backend.tests.test_iteration8_email_otp.TestRegression" name="test_dispatch_reminder" time="1.832" /><testcase classname="backend.tests.test_iteration8_email_otp.TestRegression" name="test_student_today" time="2.186" /><testcase classname="backend.tests.test_iteration8_email_otp.TestRegression" name="test_push_token" time="2.137" /><testcase classname="backend.tests.test_iteration8_email_otp.TestRegression" name="test_register_push" time="1.866" /></testsuite></testsuites>