<?xml version="1.0" encoding="utf-8"?><testsuites name="pytest tests"><testsuite name="pytest" errors="0" failures="0" skipped="0" tests="24" time="11.772" timestamp="2026-06-30T14:18:58.927387+00:00" hostname="agent-env-d553a789-ab9c-4d24-9f62-2ef76aa9565d"><testcase classname="backend.tests.test_iteration7" name="test_db_has_no_seed_demo_accounts" time="0.003" /><testcase classname="backend.tests.test_iteration7" name="test_startup_indexes_present_for_new_collections" time="0.001" /><testcase classname="backend.tests.test_iteration7.TestRegister" name="test_register_student_pending" time="0.478" /><testcase classname="backend.tests.test_iteration7.TestRegister" name="test_register_duplicate_400" time="0.048" /><testcase classname="backend.tests.test_iteration7.TestLoginDev" name="test_login_wrong_password_401" time="0.267" /><testcase classname="backend.tests.test_iteration7.TestLoginDev" name="test_login_dev_returns_challenge_and_dev_otp" time="0.492" /><testcase classname="backend.tests.test_iteration7.TestVerifyOtp" name="test_wrong_otp_400" time="0.756" /><testcase classname="backend.tests.test_iteration7.TestVerifyOtp" name="test_correct_otp_returns_token" time="0.759" /><testcase classname="backend.tests.test_iteration7.TestVerifyOtp" name="test_reuse_consumed_otp_returns_400" time="0.801" /><testcase classname="backend.tests.test_iteration7.TestVerifyOtp" name="test_brute_force_lockout_429_after_5_attempts" time="1.877" /><testcase classname="backend.tests.test_iteration7.TestResendOtp" name="test_resend_resets_attempts" time="1.289" /><testcase classname="backend.tests.test_iteration7.TestPushTokens" name="test_push_token_persists_in_users_and_push_tokens" time="0.800" /><testcase classname="backend.tests.test_iteration7.TestPushTokens" name="test_register_push_relay_returns_201_even_with_placeholder_key" time="0.106" /><testcase classname="backend.tests.test_iteration7.TestPushTokens" name="test_register_push_user_id_mismatch_403" time="0.044" /><testcase classname="backend.tests.test_iteration7.TestAdminNotifications" name="test_create_announcement_does_not_block_on_push" time="1.081" /><testcase classname="backend.tests.test_iteration7.TestAdminNotifications" name="test_dispatch_reminder_student_default_text" time="0.807" /><testcase classname="backend.tests.test_iteration7.TestAdminNotifications" name="test_dispatch_reminder_admin_default_text" time="0.054" /><testcase classname="backend.tests.test_iteration7.TestAdminNotifications" name="test_menu_reminder_requires_tomorrow_menu_then_works" time="0.057" /><testcase classname="backend.tests.test_iteration7.TestRegression" name="test_admin_dashboard" time="1.611" /><testcase classname="backend.tests.test_iteration7.TestRegression" name="test_admin_students" time="0.045" /><testcase classname="backend.tests.test_iteration7.TestRegression" name="test_admin_wastage_today" time="0.047" /><testcase classname="backend.tests.test_iteration7.TestRegression" name="test_student_today" time="0.047" /><testcase classname="backend.tests.test_iteration7.TestRegression" name="test_student_menu_week" time="0.052" /><testcase classname="backend.tests.test_iteration7.TestRegression" name="test_student_notifications" time="0.045" /></testsuite></testsuites>