<?xml version="1.0" encoding="utf-8"?><testsuites name="pytest tests"><testsuite name="pytest" errors="0" failures="0" skipped="0" tests="51" time="179.580" timestamp="2026-07-01T09:44:31.587162+00:00" hostname="agent-env-d553a789-ab9c-4d24-9f62-2ef76aa9565d"><testcase classname="backend.tests.test_iteration8_email_otp.TestRegister" name="test_register_success_shape" time="2.118" /><testcase classname="backend.tests.test_iteration8_email_otp.TestRegister" name="test_register_first_admin_auto_approves" time="1.783" /><testcase classname="backend.tests.test_iteration8_email_otp.TestRegister" name="test_register_invalid_email" time="0.096" /><testcase classname="backend.tests.test_iteration8_email_otp.TestRegister" name="test_reregister_unverified_refreshes" time="3.905" /><testcase classname="backend.tests.test_iteration8_email_otp.TestRegister" name="test_reregister_verified_rejected" time="1.920" /><testcase classname="backend.tests.test_iteration8_email_otp.TestVerifyEmail" name="test_verify_wrong_otp_increments" time="2.707" /><testcase classname="backend.tests.test_iteration8_email_otp.TestVerifyEmail" name="test_verify_too_many_attempts" time="3.367" /><testcase classname="backend.tests.test_iteration8_email_otp.TestVerifyEmail" name="test_verify_correct_otp_logs_in" time="1.806" /><testcase classname="backend.tests.test_iteration8_email_otp.TestVerifyEmail" name="test_verify_idempotent_when_already_verified" time="1.793" /><testcase classname="backend.tests.test_iteration8_email_otp.TestVerifyEmail" name="test_verify_expired_otp_returns_410" time="1.646" /><testcase classname="backend.tests.test_iteration8_email_otp.TestLogin" name="test_login_wrong_password_401" time="2.392" /><testcase classname="backend.tests.test_iteration8_email_otp.TestLogin" name="test_login_unverified_403" time="2.055" /><testcase classname="backend.tests.test_iteration8_email_otp.TestLogin" name="test_login_verified_200" time="2.903" /><testcase classname="backend.tests.test_iteration8_email_otp.TestResendOtp" name="test_resend_within_cooldown_429" time="2.207" /><testcase classname="backend.tests.test_iteration8_email_otp.TestResendOtp" name="test_resend_after_cooldown_replaces_hash" time="3.405" /><testcase classname="backend.tests.test_iteration8_email_otp.TestResendOtp" name="test_resend_already_verified_400" time="1.486" /><testcase classname="backend.tests.test_iteration8_email_otp.TestForgotPassword" name="test_forgot_existing_email" time="2.986" /><testcase classname="backend.tests.test_iteration8_email_otp.TestForgotPassword" name="test_forgot_non_existing_no_leak" time="0.138" /><testcase classname="backend.tests.test_iteration8_email_otp.TestForgotPassword" name="test_forgot_second_call_within_cooldown" time="3.922" /><testcase classname="backend.tests.test_iteration8_email_otp.TestForgotPassword" name="test_forgot_verify_wrong_then_correct" time="4.093" /><testcase classname="backend.tests.test_iteration8_email_otp.TestResetPassword" name="test_reset_mismatched_passwords" time="5.415" /><testcase classname="backend.tests.test_iteration8_email_otp.TestResetPassword" name="test_reset_invalid_token" time="0.173" /><testcase classname="backend.tests.test_iteration8_email_otp.TestResetPassword" name="test_reset_valid_token_then_login" time="5.777" /><testcase classname="backend.tests.test_iteration8_email_otp.TestRandomness" name="test_ten_distinct_otp_hashes" time="18.573" /><testcase classname="backend.tests.test_iteration8_email_otp.TestIndexes" name="test_email_otps_unique_email_purpose" time="0.001" /><testcase classname="backend.tests.test_iteration8_email_otp.TestIndexes" name="test_users_unique_partial_email" time="0.000" /><testcase classname="backend.tests.test_iteration8_email_otp.TestRegression" name="test_admin_dashboard" time="2.369" /><testcase classname="backend.tests.test_iteration8_email_otp.TestRegression" name="test_admin_students" time="2.182" /><testcase classname="backend.tests.test_iteration8_email_otp.TestRegression" name="test_admin_notifications" time="2.643" /><testcase classname="backend.tests.test_iteration8_email_otp.TestRegression" name="test_dispatch_reminder" time="3.102" /><testcase classname="backend.tests.test_iteration8_email_otp.TestRegression" name="test_student_today" time="2.402" /><testcase classname="backend.tests.test_iteration8_email_otp.TestRegression" name="test_push_token" time="1.753" /><testcase classname="backend.tests.test_iteration8_email_otp.TestRegression" name="test_register_push" time="2.042" /><testcase classname="backend.tests.test_iteration9_today_tomorrow.TestStudentTodayGet" name="test_no_query_defaults_to_today" time="5.214" /><testcase classname="backend.tests.test_iteration9_today_tomorrow.TestStudentTodayGet" name="test_for_today_explicit" time="4.450" /><testcase classname="backend.tests.test_iteration9_today_tomorrow.TestStudentTodayGet" name="test_for_tomorrow" time="4.793" /><testcase classname="backend.tests.test_iteration9_today_tomorrow.TestStudentTodayGet" name="test_for_invalid_returns_422" time="4.364" /><testcase classname="backend.tests.test_iteration9_today_tomorrow.TestStudentTodayUpsert" name="test_put_for_tomorrow_persists" time="4.541" /><testcase classname="backend.tests.test_iteration9_today_tomorrow.TestStudentTodayUpsert" name="test_put_default_date_is_today" time="5.197" /><testcase classname="backend.tests.test_iteration9_today_tomorrow.TestStudentTodayUpsert" name="test_put_invalid_date_400" time="5.050" /><testcase classname="backend.tests.test_iteration9_today_tomorrow.TestAdminDashboard" name="test_no_query_today" time="4.175" /><testcase classname="backend.tests.test_iteration9_today_tomorrow.TestAdminDashboard" name="test_for_tomorrow_returns_tomorrow_date" time="5.015" /><testcase classname="backend.tests.test_iteration9_today_tomorrow.TestAdminDashboard" name="test_invalid_for_422" time="4.707" /><testcase classname="backend.tests.test_iteration9_today_tomorrow.TestAdminDashboard" name="test_summary_counts_only_target_day" time="4.846" /><testcase classname="backend.tests.test_iteration9_today_tomorrow.TestRegression" name="test_login_existing_user" time="5.841" /><testcase classname="backend.tests.test_iteration9_today_tomorrow.TestRegression" name="test_register_new_user" time="1.293" /><testcase classname="backend.tests.test_iteration9_today_tomorrow.TestRegression" name="test_admin_students" time="6.810" /><testcase classname="backend.tests.test_iteration9_today_tomorrow.TestRegression" name="test_admin_notifications" time="4.682" /><testcase classname="backend.tests.test_iteration9_today_tomorrow.TestRegression" name="test_admin_dispatch_reminder" time="4.957" /><testcase classname="backend.tests.test_iteration9_today_tomorrow.TestRegression" name="test_admin_wastage_today" time="5.534" /><testcase classname="backend.tests.test_iteration9_today_tomorrow.TestRegression" name="test_admin_necessary_info" time="4.667" /></testsuite></testsuites>