<?xml version="1.0" encoding="utf-8"?><testsuites name="pytest tests"><testsuite name="pytest" errors="0" failures="0" skipped="0" tests="51" time="189.988" timestamp="2026-07-01T07:36:07.432878+00:00" hostname="agent-env-d553a789-ab9c-4d24-9f62-2ef76aa9565d"><testcase classname="backend.tests.test_iteration8_email_otp.TestRegister" name="test_register_success_shape" time="3.024" /><testcase classname="backend.tests.test_iteration8_email_otp.TestRegister" name="test_register_first_admin_auto_approves" time="2.704" /><testcase classname="backend.tests.test_iteration8_email_otp.TestRegister" name="test_register_invalid_email" time="0.131" /><testcase classname="backend.tests.test_iteration8_email_otp.TestRegister" name="test_reregister_unverified_refreshes" time="4.784" /><testcase classname="backend.tests.test_iteration8_email_otp.TestRegister" name="test_reregister_verified_rejected" time="1.782" /><testcase classname="backend.tests.test_iteration8_email_otp.TestVerifyEmail" name="test_verify_wrong_otp_increments" time="2.932" /><testcase classname="backend.tests.test_iteration8_email_otp.TestVerifyEmail" name="test_verify_too_many_attempts" time="4.032" /><testcase classname="backend.tests.test_iteration8_email_otp.TestVerifyEmail" name="test_verify_correct_otp_logs_in" time="2.294" /><testcase classname="backend.tests.test_iteration8_email_otp.TestVerifyEmail" name="test_verify_idempotent_when_already_verified" time="1.832" /><testcase classname="backend.tests.test_iteration8_email_otp.TestVerifyEmail" name="test_verify_expired_otp_returns_410" time="1.474" /><testcase classname="backend.tests.test_iteration8_email_otp.TestLogin" name="test_login_wrong_password_401" time="2.187" /><testcase classname="backend.tests.test_iteration8_email_otp.TestLogin" name="test_login_unverified_403" time="2.948" /><testcase classname="backend.tests.test_iteration8_email_otp.TestLogin" name="test_login_verified_200" time="2.270" /><testcase classname="backend.tests.test_iteration8_email_otp.TestResendOtp" name="test_resend_within_cooldown_429" time="2.350" /><testcase classname="backend.tests.test_iteration8_email_otp.TestResendOtp" name="test_resend_after_cooldown_replaces_hash" time="4.231" /><testcase classname="backend.tests.test_iteration8_email_otp.TestResendOtp" name="test_resend_already_verified_400" time="2.397" /><testcase classname="backend.tests.test_iteration8_email_otp.TestForgotPassword" name="test_forgot_existing_email" time="3.687" /><testcase classname="backend.tests.test_iteration8_email_otp.TestForgotPassword" name="test_forgot_non_existing_no_leak" time="0.131" /><testcase classname="backend.tests.test_iteration8_email_otp.TestForgotPassword" name="test_forgot_second_call_within_cooldown" time="3.705" /><testcase classname="backend.tests.test_iteration8_email_otp.TestForgotPassword" name="test_forgot_verify_wrong_then_correct" time="6.263" /><testcase classname="backend.tests.test_iteration8_email_otp.TestResetPassword" name="test_reset_mismatched_passwords" time="5.033" /><testcase classname="backend.tests.test_iteration8_email_otp.TestResetPassword" name="test_reset_invalid_token" time="0.126" /><testcase classname="backend.tests.test_iteration8_email_otp.TestResetPassword" name="test_reset_valid_token_then_login" time="5.714" /><testcase classname="backend.tests.test_iteration8_email_otp.TestRandomness" name="test_ten_distinct_otp_hashes" time="18.876" /><testcase classname="backend.tests.test_iteration8_email_otp.TestIndexes" name="test_email_otps_unique_email_purpose" time="0.001" /><testcase classname="backend.tests.test_iteration8_email_otp.TestIndexes" name="test_users_unique_partial_email" time="0.000" /><testcase classname="backend.tests.test_iteration8_email_otp.TestRegression" name="test_admin_dashboard" time="3.230" /><testcase classname="backend.tests.test_iteration8_email_otp.TestRegression" name="test_admin_students" time="2.424" /><testcase classname="backend.tests.test_iteration8_email_otp.TestRegression" name="test_admin_notifications" time="1.886" /><testcase classname="backend.tests.test_iteration8_email_otp.TestRegression" name="test_dispatch_reminder" time="2.856" /><testcase classname="backend.tests.test_iteration8_email_otp.TestRegression" name="test_student_today" time="3.245" /><testcase classname="backend.tests.test_iteration8_email_otp.TestRegression" name="test_push_token" time="3.046" /><testcase classname="backend.tests.test_iteration8_email_otp.TestRegression" name="test_register_push" time="2.568" /><testcase classname="backend.tests.test_iteration9_today_tomorrow.TestStudentTodayGet" name="test_no_query_defaults_to_today" time="4.318" /><testcase classname="backend.tests.test_iteration9_today_tomorrow.TestStudentTodayGet" name="test_for_today_explicit" time="3.990" /><testcase classname="backend.tests.test_iteration9_today_tomorrow.TestStudentTodayGet" name="test_for_tomorrow" time="5.093" /><testcase classname="backend.tests.test_iteration9_today_tomorrow.TestStudentTodayGet" name="test_for_invalid_returns_422" time="4.799" /><testcase classname="backend.tests.test_iteration9_today_tomorrow.TestStudentTodayUpsert" name="test_put_for_tomorrow_persists" time="5.375" /><testcase classname="backend.tests.test_iteration9_today_tomorrow.TestStudentTodayUpsert" name="test_put_default_date_is_today" time="4.717" /><testcase classname="backend.tests.test_iteration9_today_tomorrow.TestStudentTodayUpsert" name="test_put_invalid_date_400" time="5.178" /><testcase classname="backend.tests.test_iteration9_today_tomorrow.TestAdminDashboard" name="test_no_query_today" time="5.916" /><testcase classname="backend.tests.test_iteration9_today_tomorrow.TestAdminDashboard" name="test_for_tomorrow_returns_tomorrow_date" time="4.923" /><testcase classname="backend.tests.test_iteration9_today_tomorrow.TestAdminDashboard" name="test_invalid_for_422" time="5.067" /><testcase classname="backend.tests.test_iteration9_today_tomorrow.TestAdminDashboard" name="test_summary_counts_only_target_day" time="4.937" /><testcase classname="backend.tests.test_iteration9_today_tomorrow.TestRegression" name="test_login_existing_user" time="3.806" /><testcase classname="backend.tests.test_iteration9_today_tomorrow.TestRegression" name="test_register_new_user" time="1.325" /><testcase classname="backend.tests.test_iteration9_today_tomorrow.TestRegression" name="test_admin_students" time="5.950" /><testcase classname="backend.tests.test_iteration9_today_tomorrow.TestRegression" name="test_admin_notifications" time="6.364" /><testcase classname="backend.tests.test_iteration9_today_tomorrow.TestRegression" name="test_admin_dispatch_reminder" time="5.194" /><testcase classname="backend.tests.test_iteration9_today_tomorrow.TestRegression" name="test_admin_wastage_today" time="5.006" /><testcase classname="backend.tests.test_iteration9_today_tomorrow.TestRegression" name="test_admin_necessary_info" time="3.599" /></testsuite></testsuites>