<?xml version="1.0" encoding="utf-8"?><testsuites name="pytest tests"><testsuite name="pytest" errors="0" failures="0" skipped="0" tests="48" time="4.092" timestamp="2026-06-30T06:45:47.405146+00:00" hostname="agent-env-d553a789-ab9c-4d24-9f62-2ef76aa9565d"><testcase classname="backend.tests.test_admin.TestStudentsStatus" name="test_summary_returns_numeric_counts" time="0.476" /><testcase classname="backend.tests.test_admin.TestStudentsStatus" name="test_list_status_pending_filter" time="0.054" /><testcase classname="backend.tests.test_admin.TestStudentsStatus" name="test_list_status_approved_filter" time="0.052" /><testcase classname="backend.tests.test_admin.TestStudentsStatus" name="test_list_status_blocked_filter" time="0.048" /><testcase classname="backend.tests.test_admin.TestStudentsStatus" name="test_list_status_all" time="0.052" /><testcase classname="backend.tests.test_admin.TestStudentsStatus" name="test_approve_then_reject_flow" time="0.259" /><testcase classname="backend.tests.test_admin.TestStudentsStatus" name="test_approve_unknown_id_404" time="0.051" /><testcase classname="backend.tests.test_admin.TestStudentsStatus" name="test_reject_unknown_id_404" time="0.056" /><testcase classname="backend.tests.test_admin.TestAdminToday" name="test_today_structure" time="0.058" /><testcase classname="backend.tests.test_admin.TestAdminToday" name="test_today_has_responses" time="0.057" /><testcase classname="backend.tests.test_admin.TestFeedback" name="test_feedback_anonymous" time="0.051" /><testcase classname="backend.tests.test_admin.TestDashboard" name="test_dashboard_returns_meals" time="0.057" /><testcase classname="backend.tests.test_admin.TestNecessaryInfo" name="test_list_returns_seeded" time="0.050" /><testcase classname="backend.tests.test_admin.TestNecessaryInfo" name="test_create_then_update_then_delete" time="0.300" /><testcase classname="backend.tests.test_admin.TestMenus" name="test_list_returns_7_days" time="0.055" /><testcase classname="backend.tests.test_admin.TestMenus" name="test_upsert_monday_persists" time="0.212" /><testcase classname="backend.tests.test_admin.TestWastage" name="test_upsert_today_computes_loss" time="0.101" /><testcase classname="backend.tests.test_admin.TestWastage" name="test_wastage_today_endpoint" time="0.052" /><testcase classname="backend.tests.test_admin.TestWastage" name="test_wastage_trend_7" time="0.051" /><testcase classname="backend.tests.test_admin.TestWastage" name="test_wastage_trend_30_breakfast" time="0.050" /><testcase classname="backend.tests.test_admin.TestWastage" name="test_wastage_trend_90_lunch" time="0.049" /><testcase classname="backend.tests.test_admin.TestWastage" name="test_wastage_trend_dinner" time="0.053" /><testcase classname="backend.tests.test_admin.TestSettings" name="test_get_returns_singleton" time="0.046" /><testcase classname="backend.tests.test_admin.TestSettings" name="test_put_updates_meal_state" time="0.197" /><testcase classname="backend.tests.test_admin.TestAuthGuards" name="test_student_gets_403[/admin/students/summary]" time="0.360" /><testcase classname="backend.tests.test_admin.TestAuthGuards" name="test_student_gets_403[/admin/students]" time="0.042" /><testcase classname="backend.tests.test_admin.TestAuthGuards" name="test_student_gets_403[/admin/today]" time="0.044" /><testcase classname="backend.tests.test_admin.TestAuthGuards" name="test_student_gets_403[/admin/feedback]" time="0.043" /><testcase classname="backend.tests.test_admin.TestAuthGuards" name="test_student_gets_403[/admin/necessary-info]" time="0.044" /><testcase classname="backend.tests.test_admin.TestAuthGuards" name="test_student_gets_403[/admin/menus]" time="0.043" /><testcase classname="backend.tests.test_admin.TestAuthGuards" name="test_student_gets_403[/admin/dashboard]" time="0.042" /><testcase classname="backend.tests.test_admin.TestAuthGuards" name="test_student_gets_403[/admin/wastage/today]" time="0.044" /><testcase classname="backend.tests.test_admin.TestAuthGuards" name="test_student_gets_403[/admin/wastage/trend]" time="0.046" /><testcase classname="backend.tests.test_admin.TestAuthGuards" name="test_student_gets_403[/admin/settings]" time="0.042" /><testcase classname="backend.tests.test_admin.TestAuthGuards" name="test_anon_gets_401[/admin/students/summary]" time="0.124" /><testcase classname="backend.tests.test_admin.TestAuthGuards" name="test_anon_gets_401[/admin/students]" time="0.045" /><testcase classname="backend.tests.test_admin.TestAuthGuards" name="test_anon_gets_401[/admin/today]" time="0.049" /><testcase classname="backend.tests.test_admin.TestAuthGuards" name="test_anon_gets_401[/admin/feedback]" time="0.047" /><testcase classname="backend.tests.test_admin.TestAuthGuards" name="test_anon_gets_401[/admin/necessary-info]" time="0.047" /><testcase classname="backend.tests.test_admin.TestAuthGuards" name="test_anon_gets_401[/admin/menus]" time="0.045" /><testcase classname="backend.tests.test_admin.TestAuthGuards" name="test_anon_gets_401[/admin/dashboard]" time="0.047" /><testcase classname="backend.tests.test_admin.TestAuthGuards" name="test_anon_gets_401[/admin/wastage/today]" time="0.049" /><testcase classname="backend.tests.test_admin.TestAuthGuards" name="test_anon_gets_401[/admin/wastage/trend]" time="0.045" /><testcase classname="backend.tests.test_admin.TestAuthGuards" name="test_anon_gets_401[/admin/settings]" time="0.044" /><testcase classname="backend.tests.test_admin.TestAuthGuards" name="test_student_cannot_approve" time="0.044" /><testcase classname="backend.tests.test_admin.TestAuthGuards" name="test_student_cannot_put_wastage" time="0.042" /><testcase classname="backend.tests.test_admin.TestAuthGuards" name="test_student_cannot_put_settings" time="0.044" /><testcase classname="backend.tests.test_admin.TestAuthGuards" name="test_invalid_token_401" time="0.055" /></testsuite></testsuites>