<?xml version="1.0" encoding="utf-8"?><testsuites name="pytest tests"><testsuite name="pytest" errors="0" failures="0" skipped="0" tests="22" time="5.175" timestamp="2026-06-30T06:09:27.052166+00:00" hostname="agent-env-d553a789-ab9c-4d24-9f62-2ef76aa9565d"><testcase classname="backend.tests.test_student.TestMetaAndToday" name="test_meta" time="0.513" /><testcase classname="backend.tests.test_student.TestMetaAndToday" name="test_today_returns_shape" time="0.044" /><testcase classname="backend.tests.test_student.TestUpsertPlan" name="test_upsert_then_update_same_doc" time="0.132" /><testcase classname="backend.tests.test_student.TestFeedback" name="test_post_feedback" time="0.043" /><testcase classname="backend.tests.test_student.TestFeedback" name="test_feedback_empty_rejected" time="0.045" /><testcase classname="backend.tests.test_student.TestMenuAndReactions" name="test_menu_week" time="0.047" /><testcase classname="backend.tests.test_student.TestMenuAndReactions" name="test_menu_month" time="0.046" /><testcase classname="backend.tests.test_student.TestMenuAndReactions" name="test_reaction_upsert_and_idempotent" time="0.185" /><testcase classname="backend.tests.test_student.TestMenuAndReactions" name="test_reaction_invalid_day" time="0.047" /><testcase classname="backend.tests.test_student.TestWastage" name="test_wastage_default_7" time="0.045" /><testcase classname="backend.tests.test_student.TestWastage" name="test_wastage_30" time="0.045" /><testcase classname="backend.tests.test_student.TestWastage" name="test_wastage_90" time="0.045" /><testcase classname="backend.tests.test_student.TestWastage" name="test_wastage_summary_consistent_across_ranges" time="0.139" /><testcase classname="backend.tests.test_student.TestWastage" name="test_wastage_per_meal" time="0.175" /><testcase classname="backend.tests.test_student.TestAuthGuards" name="test_no_token_returns_401" time="0.494" /><testcase classname="backend.tests.test_student.TestAuthGuards" name="test_invalid_token_returns_401" time="0.494" /><testcase classname="backend.tests.test_student.TestAuthGuards" name="test_admin_forbidden" time="0.750" /><testcase classname="backend.tests.test_student.TestAuthGuards" name="test_pending_forbidden" time="0.735" /><testcase classname="backend.tests.test_student.TestAuthGuards" name="test_blocked_forbidden" time="0.771" /><testcase classname="backend.tests.test_student.TestAuthGuards" name="test_admin_forbidden_put_today" time="0.094" /><testcase classname="backend.tests.test_student.TestAuthGuards" name="test_admin_forbidden_feedback" time="0.092" /><testcase classname="backend.tests.test_student.TestAuthGuards" name="test_admin_forbidden_reaction" time="0.096" /></testsuite></testsuites>