<?xml version="1.0" encoding="utf-8"?><testsuites name="pytest tests"><testsuite name="pytest" errors="0" failures="0" skipped="0" tests="14" time="2.745" timestamp="2026-06-30T05:25:48.805808+00:00" hostname="agent-env-d553a789-ab9c-4d24-9f62-2ef76aa9565d"><testcase classname="backend.tests.test_auth.TestHealth" name="test_root_status" time="0.267" /><testcase classname="backend.tests.test_auth.TestLogin" name="test_admin_login" time="0.291" /><testcase classname="backend.tests.test_auth.TestLogin" name="test_student_approved_login" time="0.267" /><testcase classname="backend.tests.test_auth.TestLogin" name="test_pending_login" time="0.267" /><testcase classname="backend.tests.test_auth.TestLogin" name="test_blocked_login" time="0.269" /><testcase classname="backend.tests.test_auth.TestLogin" name="test_wrong_password" time="0.270" /><testcase classname="backend.tests.test_auth.TestRegister" name="test_register_success" time="0.271" /><testcase classname="backend.tests.test_auth.TestRegister" name="test_register_duplicate" time="0.046" /><testcase classname="backend.tests.test_auth.TestMe" name="test_me_with_valid_token" time="0.307" /><testcase classname="backend.tests.test_auth.TestMe" name="test_me_without_token" time="0.127" /><testcase classname="backend.tests.test_auth.TestMe" name="test_me_invalid_token" time="0.164" /><testcase classname="backend.tests.test_auth.TestOtp" name="test_request_otp" time="0.043" /><testcase classname="backend.tests.test_auth.TestOtp" name="test_verify_otp_success" time="0.044" /><testcase classname="backend.tests.test_auth.TestOtp" name="test_verify_otp_invalid" time="0.042" /></testsuite></testsuites>