<?xml version="1.0" encoding="utf-8"?><testsuites name="pytest tests"><testsuite name="pytest" errors="0" failures="1" skipped="0" tests="35" time="7.659" timestamp="2026-06-30T06:03:47.488949+00:00" hostname="agent-env-d553a789-ab9c-4d24-9f62-2ef76aa9565d"><testcase classname="backend.tests.test_student.TestMetaAndToday" name="test_meta" time="0.540" /><testcase classname="backend.tests.test_student.TestMetaAndToday" name="test_today_returns_shape" time="0.046" /><testcase classname="backend.tests.test_student.TestUpsertPlan" name="test_upsert_then_update_same_doc" time="0.140" /><testcase classname="backend.tests.test_student.TestFeedback" name="test_post_feedback" time="0.068" /><testcase classname="backend.tests.test_student.TestFeedback" name="test_feedback_empty_rejected" time="0.045" /><testcase classname="backend.tests.test_student.TestMenuAndReactions" name="test_menu_week" time="0.049" /><testcase classname="backend.tests.test_student.TestMenuAndReactions" name="test_menu_month" time="0.049" /><testcase classname="backend.tests.test_student.TestMenuAndReactions" name="test_reaction_upsert_and_idempotent" time="0.179" /><testcase classname="backend.tests.test_student.TestMenuAndReactions" name="test_reaction_invalid_day" time="0.045" /><testcase classname="backend.tests.test_student.TestWastage" name="test_wastage_default_7" time="0.047"><failure message="assert None is not None">backend/tests/test_student.py:207: in test_wastage_default_7
    assert j["summary"]["last_week_same_day_total"] is not None
E   assert None is not None</failure></testcase><testcase classname="backend.tests.test_student.TestWastage" name="test_wastage_30" time="0.048" /><testcase classname="backend.tests.test_student.TestWastage" name="test_wastage_90" time="0.047" /><testcase classname="backend.tests.test_student.TestWastage" name="test_wastage_per_meal" time="0.140" /><testcase classname="backend.tests.test_student.TestAuthGuards" name="test_no_token_returns_401" time="0.567" /><testcase classname="backend.tests.test_student.TestAuthGuards" name="test_invalid_token_returns_401" time="0.518" /><testcase classname="backend.tests.test_student.TestAuthGuards" name="test_admin_forbidden" time="0.790" /><testcase classname="backend.tests.test_student.TestAuthGuards" name="test_pending_forbidden" time="0.757" /><testcase classname="backend.tests.test_student.TestAuthGuards" name="test_blocked_forbidden" time="0.745" /><testcase classname="backend.tests.test_student.TestAuthGuards" name="test_admin_forbidden_put_today" time="0.098" /><testcase classname="backend.tests.test_student.TestAuthGuards" name="test_admin_forbidden_feedback" time="0.095" /><testcase classname="backend.tests.test_student.TestAuthGuards" name="test_admin_forbidden_reaction" time="0.121" /><testcase classname="backend.tests.test_auth.TestHealth" name="test_root_status" time="0.091" /><testcase classname="backend.tests.test_auth.TestLogin" name="test_admin_login" time="0.266" /><testcase classname="backend.tests.test_auth.TestLogin" name="test_student_approved_login" time="0.266" /><testcase classname="backend.tests.test_auth.TestLogin" name="test_pending_login" time="0.265" /><testcase classname="backend.tests.test_auth.TestLogin" name="test_blocked_login" time="0.264" /><testcase classname="backend.tests.test_auth.TestLogin" name="test_wrong_password" time="0.264" /><testcase classname="backend.tests.test_auth.TestRegister" name="test_register_success" time="0.265" /><testcase classname="backend.tests.test_auth.TestRegister" name="test_register_duplicate" time="0.042" /><testcase classname="backend.tests.test_auth.TestMe" name="test_me_with_valid_token" time="0.345" /><testcase classname="backend.tests.test_auth.TestMe" name="test_me_without_token" time="0.097" /><testcase classname="backend.tests.test_auth.TestMe" name="test_me_invalid_token" time="0.093" /><testcase classname="backend.tests.test_auth.TestOtp" name="test_request_otp" time="0.044" /><testcase classname="backend.tests.test_auth.TestOtp" name="test_verify_otp_success" time="0.057" /><testcase classname="backend.tests.test_auth.TestOtp" name="test_verify_otp_invalid" time="0.042" /></testsuite></testsuites>